# JRE version: OpenJDK Runtime Environment (8.0_152-b01) (build 1.8.0_152-release-915-b01)
# Java VM: OpenJDK 64-Bit Server VM (25.152-b01 mixed mode linux-amd64 compressed oops)
Heap:
 PSYoungGen      total 363520K, used 42989K [0x00000000e0000000, 0x00000000f9480000, 0x0000000100000000)
  eden space 320512K, 0% used [0x00000000e0000000,0x00000000e0000000,0x00000000f3900000)
  from space 43008K, 99% used [0x00000000f3900000,0x00000000f62fb5d8,0x00000000f6300000)
  to   space 38912K, 0% used [0x00000000f6300000,0x00000000f6300000,0x00000000f8900000)
 ParOldGen       total 185344K, used 185175K [0x00000000a0000000, 0x00000000ab500000, 0x00000000e0000000)
  object space 185344K, 99% used [0x00000000a0000000,0x00000000ab4d5e90,0x00000000ab500000)
 Metaspace       used 80550K, capacity 84632K, committed 84864K, reserved 1122304K
  class space    used 10437K, capacity 11388K, committed 11392K, reserved 1048576K
GC Heap History (10 events):
Event: 1679.136 GC heap after
Heap after GC invocations=17 (full 3):
 PSYoungGen      total 262144K, used 22224K [0x00000000e0000000, 0x00000000f2380000, 0x0000000100000000)
  eden space 235520K, 0% used [0x00000000e0000000,0x00000000e0000000,0x00000000ee600000)
  from space 26624K, 83% used [0x00000000f0280000,0x00000000f1834098,0x00000000f1c80000)
  to   space 29184K, 0% used [0x00000000ee600000,0x00000000ee600000,0x00000000f0280000)
 ParOldGen       total 109568K, used 47799K [0x00000000a0000000, 0x00000000a6b00000, 0x00000000e0000000)
  object space 109568K, 43% used [0x00000000a0000000,0x00000000a2eadd28,0x00000000a6b00000)
 Metaspace       used 73665K, capacity 77084K, committed 77440K, reserved 1116160K
  class space    used 9676K, capacity 10498K, committed 10624K, reserved 1048576K
}
Event: 1681.054 GC heap before
{Heap before GC invocations=18 (full 3):
 PSYoungGen      total 262144K, used 257574K [0x00000000e0000000, 0x00000000f2380000, 0x0000000100000000)
  eden space 235520K, 99% used [0x00000000e0000000,0x00000000ee5d59c0,0x00000000ee600000)
  from space 26624K, 83% used [0x00000000f0280000,0x00000000f1834098,0x00000000f1c80000)
  to   space 29184K, 0% used [0x00000000ee600000,0x00000000ee600000,0x00000000f0280000)
 ParOldGen       total 109568K, used 47799K [0x00000000a0000000, 0x00000000a6b00000, 0x00000000e0000000)
  object space 109568K, 43% used [0x00000000a0000000,0x00000000a2eadd28,0x00000000a6b00000)
 Metaspace       used 74505K, capacity 78130K, committed 78336K, reserved 1116160K
  class space    used 9809K, capacity 10691K, committed 10752K, reserved 1048576K
Event: 1681.117 GC heap after
Heap after GC invocations=18 (full 3):
 PSYoungGen      total 264704K, used 20580K [0x00000000e0000000, 0x00000000f5480000, 0x0000000100000000)
  eden space 235520K, 0% used [0x00000000e0000000,0x00000000e0000000,0x00000000ee600000)
  from space 29184K, 70% used [0x00000000ee600000,0x00000000efa19378,0x00000000f0280000)
  to   space 30208K, 0% used [0x00000000f3700000,0x00000000f3700000,0x00000000f5480000)
 ParOldGen       total 109568K, used 65233K [0x00000000a0000000, 0x00000000a6b00000, 0x00000000e0000000)
  object space 109568K, 59% used [0x00000000a0000000,0x00000000a3fb44f8,0x00000000a6b00000)
 Metaspace       used 74505K, capacity 78130K, committed 78336K, reserved 1116160K
  class space    used 9809K, capacity 10691K, committed 10752K, reserved 1048576K
}
Event: 1685.306 GC heap before
{Heap before GC invocations=19 (full 3):
 PSYoungGen      total 264704K, used 256100K [0x00000000e0000000, 0x00000000f5480000, 0x0000000100000000)
  eden space 235520K, 100% used [0x00000000e0000000,0x00000000ee600000,0x00000000ee600000)
  from space 29184K, 70% used [0x00000000ee600000,0x00000000efa19378,0x00000000f0280000)
  to   space 30208K, 0% used [0x00000000f3700000,0x00000000f3700000,0x00000000f5480000)
 ParOldGen       total 109568K, used 65233K [0x00000000a0000000, 0x00000000a6b00000, 0x00000000e0000000)
  object space 109568K, 59% used [0x00000000a0000000,0x00000000a3fb44f8,0x00000000a6b00000)
 Metaspace       used 78462K, capacity 82334K, committed 82560K, reserved 1120256K
  class space    used 10244K, capacity 11131K, committed 11136K, reserved 1048576K
Event: 1685.380 GC heap after
Heap after GC invocations=19 (full 3):
 PSYoungGen      total 313856K, used 29743K [0x00000000e0000000, 0x00000000f5d80000, 0x0000000100000000)
  eden space 283648K, 0% used [0x00000000e0000000,0x00000000e0000000,0x00000000f1500000)
  from space 30208K, 98% used [0x00000000f3700000,0x00000000f540bf00,0x00000000f5480000)
  to   space 34816K, 0% used [0x00000000f1500000,0x00000000f1500000,0x00000000f3700000)
 ParOldGen       total 109568K, used 65241K [0x00000000a0000000, 0x00000000a6b00000, 0x00000000e0000000)
  object space 109568K, 59% used [0x00000000a0000000,0x00000000a3fb64f8,0x00000000a6b00000)
 Metaspace       used 78462K, capacity 82334K, committed 82560K, reserved 1120256K
  class space    used 10244K, capacity 11131K, committed 11136K, reserved 1048576K
}
Event: 1689.980 GC heap before
{Heap before GC invocations=20 (full 3):
 PSYoungGen      total 313856K, used 313391K [0x00000000e0000000, 0x00000000f5d80000, 0x0000000100000000)
  eden space 283648K, 100% used [0x00000000e0000000,0x00000000f1500000,0x00000000f1500000)
  from space 30208K, 98% used [0x00000000f3700000,0x00000000f540bf00,0x00000000f5480000)
  to   space 34816K, 0% used [0x00000000f1500000,0x00000000f1500000,0x00000000f3700000)
 ParOldGen       total 109568K, used 65241K [0x00000000a0000000, 0x00000000a6b00000, 0x00000000e0000000)
  object space 109568K, 59% used [0x00000000a0000000,0x00000000a3fb64f8,0x00000000a6b00000)
 Metaspace       used 79071K, capacity 83056K, committed 83456K, reserved 1122304K
  class space    used 10266K, capacity 11172K, committed 11264K, reserved 1048576K
Event: 1690.047 GC heap after
Heap after GC invocations=20 (full 3):
 PSYoungGen      total 318464K, used 30969K [0x00000000e0000000, 0x00000000f8900000, 0x0000000100000000)
  eden space 283648K, 0% used [0x00000000e0000000,0x00000000e0000000,0x00000000f1500000)
  from space 34816K, 88% used [0x00000000f1500000,0x00000000f333e418,0x00000000f3700000)
  to   space 38912K, 0% used [0x00000000f6300000,0x00000000f6300000,0x00000000f8900000)
 ParOldGen       total 109568K, used 65505K [0x00000000a0000000, 0x00000000a6b00000, 0x00000000e0000000)
  object space 109568K, 59% used [0x00000000a0000000,0x00000000a3ff8510,0x00000000a6b00000)
 Metaspace       used 79071K, capacity 83056K, committed 83456K, reserved 1122304K
  class space    used 10266K, capacity 11172K, committed 11264K, reserved 1048576K
}
Event: 1694.070 GC heap before
{Heap before GC invocations=21 (full 3):
 PSYoungGen      total 318464K, used 314444K [0x00000000e0000000, 0x00000000f8900000, 0x0000000100000000)
  eden space 283648K, 99% used [0x00000000e0000000,0x00000000f14d4cb8,0x00000000f1500000)
  from space 34816K, 88% used [0x00000000f1500000,0x00000000f333e418,0x00000000f3700000)
  to   space 38912K, 0% used [0x00000000f6300000,0x00000000f6300000,0x00000000f8900000)
 ParOldGen       total 109568K, used 65505K [0x00000000a0000000, 0x00000000a6b00000, 0x00000000e0000000)
  object space 109568K, 59% used [0x00000000a0000000,0x00000000a3ff8510,0x00000000a6b00000)
 Metaspace       used 80176K, capacity 84192K, committed 84352K, reserved 1122304K
  class space    used 10381K, capacity 11314K, committed 11392K, reserved 1048576K
Event: 1694.175 GC heap after
Heap after GC invocations=21 (full 3):
 PSYoungGen      total 359424K, used 33872K [0x00000000e0000000, 0x00000000f9480000, 0x0000000100000000)
  eden space 320512K, 0% used [0x00000000e0000000,0x00000000e0000000,0x00000000f3900000)
  from space 38912K, 87% used [0x00000000f6300000,0x00000000f84140d0,0x00000000f8900000)
  to   space 43008K, 0% used [0x00000000f3900000,0x00000000f3900000,0x00000000f6300000)
 ParOldGen       total 109568K, used 65513K [0x00000000a0000000, 0x00000000a6b00000, 0x00000000e0000000)
  object space 109568K, 59% used [0x00000000a0000000,0x00000000a3ffa510,0x00000000a6b00000)
 Metaspace       used 80176K, capacity 84192K, committed 84352K, reserved 1122304K
  class space    used 10381K, capacity 11314K, committed 11392K, reserved 1048576K
}
Event: 1696.977 GC heap before
{Heap before GC invocations=22 (full 3):
 PSYoungGen      total 359424K, used 334028K [0x00000000e0000000, 0x00000000f9480000, 0x0000000100000000)
  eden space 320512K, 93% used [0x00000000e0000000,0x00000000f251f190,0x00000000f3900000)
  from space 38912K, 87% used [0x00000000f6300000,0x00000000f84140d0,0x00000000f8900000)
  to   space 43008K, 0% used [0x00000000f3900000,0x00000000f3900000,0x00000000f6300000)
 ParOldGen       total 109568K, used 86813K [0x00000000a0000000, 0x00000000a6b00000, 0x00000000e0000000)
  object space 109568K, 79% used [0x00000000a0000000,0x00000000a54c7550,0x00000000a6b00000)
 Metaspace       used 80550K, capacity 84632K, committed 84864K, reserved 1122304K
  class space    used 10437K, capacity 11388K, committed 11392K, reserved 1048576K

